# JRE version: Java(TM) SE Runtime Environment (8.0_101-b13) (build 1.8.0_101-b13)
# Java VM: Java HotSpot(TM) 64-Bit Server VM (25.101-b13 mixed mode windows-amd64 compressed oops)
Heap:
 PSYoungGen      total 412160K, used 117484K [0x00000000e0000000, 0x0000000100000000, 0x0000000100000000)
  eden space 309248K, 15% used [0x00000000e0000000,0x00000000e2ef9e68,0x00000000f2e00000)
  from space 102912K, 67% used [0x00000000f9b80000,0x00000000fdf413e8,0x0000000100000000)
  to   space 107520K, 0% used [0x00000000f2e00000,0x00000000f2e00000,0x00000000f9700000)
 ParOldGen       total 374272K, used 224655K [0x00000000a0000000, 0x00000000b6d80000, 0x00000000e0000000)
  object space 374272K, 60% used [0x00000000a0000000,0x00000000adb63f78,0x00000000b6d80000)
 Metaspace       used 104674K, capacity 108620K, committed 108840K, reserved 1144832K
  class space    used 13245K, capacity 14118K, committed 14128K, reserved 1048576K
GC Heap History (10 events):
Event: 447.248 GC heap before
{Heap before GC invocations=27 (full 5):
 PSYoungGen      total 343040K, used 54777K [0x00000000e0000000, 0x00000000fcd00000, 0x0000000100000000)
  eden space 288256K, 0% used [0x00000000e0000000,0x00000000e0000000,0x00000000f1980000)
  from space 54784K, 99% used [0x00000000f6680000,0x00000000f9bfe660,0x00000000f9c00000)
  to   space 78848K, 0% used [0x00000000f1980000,0x00000000f1980000,0x00000000f6680000)
 ParOldGen       total 224256K, used 204646K [0x00000000a0000000, 0x00000000adb00000, 0x00000000e0000000)
  object space 224256K, 91% used [0x00000000a0000000,0x00000000ac7d9b58,0x00000000adb00000)
 Metaspace       used 99700K, capacity 102822K, committed 103080K, reserved 1138688K
  class space    used 12652K, capacity 13385K, committed 13488K, reserved 1048576K
Event: 448.945 GC heap after
Heap after GC invocations=27 (full 5):
 PSYoungGen      total 343040K, used 10055K [0x00000000e0000000, 0x00000000fcd00000, 0x0000000100000000)
  eden space 288256K, 0% used [0x00000000e0000000,0x00000000e0000000,0x00000000f1980000)
  from space 54784K, 18% used [0x00000000f6680000,0x00000000f7051e70,0x00000000f9c00000)
  to   space 78848K, 0% used [0x00000000f1980000,0x00000000f1980000,0x00000000f6680000)
 ParOldGen       total 374272K, used 223803K [0x00000000a0000000, 0x00000000b6d80000, 0x00000000e0000000)
  object space 374272K, 59% used [0x00000000a0000000,0x00000000ada8ef08,0x00000000b6d80000)
 Metaspace       used 99700K, capacity 102822K, committed 103080K, reserved 1138688K
  class space    used 12652K, capacity 13385K, committed 13488K, reserved 1048576K
}
Event: 460.704 GC heap before
{Heap before GC invocations=28 (full 5):
 PSYoungGen      total 343040K, used 298311K [0x00000000e0000000, 0x00000000fcd00000, 0x0000000100000000)
  eden space 288256K, 100% used [0x00000000e0000000,0x00000000f1980000,0x00000000f1980000)
  from space 54784K, 18% used [0x00000000f6680000,0x00000000f7051e70,0x00000000f9c00000)
  to   space 78848K, 0% used [0x00000000f1980000,0x00000000f1980000,0x00000000f6680000)
 ParOldGen       total 374272K, used 223803K [0x00000000a0000000, 0x00000000b6d80000, 0x00000000e0000000)
  object space 374272K, 59% used [0x00000000a0000000,0x00000000ada8ef08,0x00000000b6d80000)
 Metaspace       used 103331K, capacity 106574K, committed 106920K, reserved 1142784K
  class space    used 13139K, capacity 13879K, committed 14000K, reserved 1048576K
Event: 460.879 GC heap after
Heap after GC invocations=28 (full 5):
 PSYoungGen      total 367104K, used 67783K [0x00000000e0000000, 0x00000000ff500000, 0x0000000100000000)
  eden space 288256K, 0% used [0x00000000e0000000,0x00000000e0000000,0x00000000f1980000)
  from space 78848K, 85% used [0x00000000f1980000,0x00000000f5bb1ea0,0x00000000f6680000)
  to   space 88064K, 0% used [0x00000000f9f00000,0x00000000f9f00000,0x00000000ff500000)
 ParOldGen       total 374272K, used 224631K [0x00000000a0000000, 0x00000000b6d80000, 0x00000000e0000000)
  object space 374272K, 60% used [0x00000000a0000000,0x00000000adb5df78,0x00000000b6d80000)
 Metaspace       used 103331K, capacity 106574K, committed 106920K, reserved 1142784K
  class space    used 13139K, capacity 13879K, committed 14000K, reserved 1048576K
}
Event: 573.525 GC heap before
{Heap before GC invocations=29 (full 5):
 PSYoungGen      total 367104K, used 356039K [0x00000000e0000000, 0x00000000ff500000, 0x0000000100000000)
  eden space 288256K, 100% used [0x00000000e0000000,0x00000000f1980000,0x00000000f1980000)
  from space 78848K, 85% used [0x00000000f1980000,0x00000000f5bb1ea0,0x00000000f6680000)
  to   space 88064K, 0% used [0x00000000f9f00000,0x00000000f9f00000,0x00000000ff500000)
 ParOldGen       total 374272K, used 224631K [0x00000000a0000000, 0x00000000b6d80000, 0x00000000e0000000)
  object space 374272K, 60% used [0x00000000a0000000,0x00000000adb5df78,0x00000000b6d80000)
 Metaspace       used 103774K, capacity 107146K, committed 107432K, reserved 1142784K
  class space    used 13166K, capacity 13941K, committed 14000K, reserved 1048576K
Event: 573.703 GC heap after
Heap after GC invocations=29 (full 5):
 PSYoungGen      total 415744K, used 72075K [0x00000000e0000000, 0x0000000100000000, 0x0000000100000000)
  eden space 327680K, 0% used [0x00000000e0000000,0x00000000e0000000,0x00000000f4000000)
  from space 88064K, 81% used [0x00000000f9f00000,0x00000000fe562fd8,0x00000000ff500000)
  to   space 97280K, 0% used [0x00000000f4000000,0x00000000f4000000,0x00000000f9f00000)
 ParOldGen       total 374272K, used 224639K [0x00000000a0000000, 0x00000000b6d80000, 0x00000000e0000000)
  object space 374272K, 60% used [0x00000000a0000000,0x00000000adb5ff78,0x00000000b6d80000)
 Metaspace       used 103774K, capacity 107146K, committed 107432K, reserved 1142784K
  class space    used 13166K, capacity 13941K, committed 14000K, reserved 1048576K
}
Event: 670.829 GC heap before
{Heap before GC invocations=30 (full 5):
 PSYoungGen      total 415744K, used 399755K [0x00000000e0000000, 0x0000000100000000, 0x0000000100000000)
  eden space 327680K, 100% used [0x00000000e0000000,0x00000000f4000000,0x00000000f4000000)
  from space 88064K, 81% used [0x00000000f9f00000,0x00000000fe562fd8,0x00000000ff500000)
  to   space 97280K, 0% used [0x00000000f4000000,0x00000000f4000000,0x00000000f9f00000)
 ParOldGen       total 374272K, used 224639K [0x00000000a0000000, 0x00000000b6d80000, 0x00000000e0000000)
  object space 374272K, 60% used [0x00000000a0000000,0x00000000adb5ff78,0x00000000b6d80000)
 Metaspace       used 104258K, capacity 107892K, committed 108072K, reserved 1142784K
  class space    used 13200K, capacity 14020K, committed 14128K, reserved 1048576K
Event: 670.968 GC heap after
Heap after GC invocations=30 (full 5):
 PSYoungGen      total 397312K, used 69338K [0x00000000e0000000, 0x0000000100000000, 0x0000000100000000)
  eden space 327680K, 0% used [0x00000000e0000000,0x00000000e0000000,0x00000000f4000000)
  from space 69632K, 99% used [0x00000000f4000000,0x00000000f83b6820,0x00000000f8400000)
  to   space 102912K, 0% used [0x00000000f9b80000,0x00000000f9b80000,0x0000000100000000)
 ParOldGen       total 374272K, used 224647K [0x00000000a0000000, 0x00000000b6d80000, 0x00000000e0000000)
  object space 374272K, 60% used [0x00000000a0000000,0x00000000adb61f78,0x00000000b6d80000)
 Metaspace       used 104258K, capacity 107892K, committed 108072K, reserved 1142784K
  class space    used 13200K, capacity 14020K, committed 14128K, reserved 1048576K
}
Event: 733.237 GC heap before
{Heap before GC invocations=31 (full 5):
 PSYoungGen      total 397312K, used 397018K [0x00000000e0000000, 0x0000000100000000, 0x0000000100000000)
  eden space 327680K, 100% used [0x00000000e0000000,0x00000000f4000000,0x00000000f4000000)
  from space 69632K, 99% used [0x00000000f4000000,0x00000000f83b6820,0x00000000f8400000)
  to   space 102912K, 0% used [0x00000000f9b80000,0x00000000f9b80000,0x0000000100000000)
 ParOldGen       total 374272K, used 224647K [0x00000000a0000000, 0x00000000b6d80000, 0x00000000e0000000)
  object space 374272K, 60% used [0x00000000a0000000,0x00000000adb61f78,0x00000000b6d80000)
 Metaspace       used 104607K, capacity 108556K, committed 108584K, reserved 1144832K
  class space    used 13244K, capacity 14118K, committed 14128K, reserved 1048576K
Event: 733.405 GC heap after
Heap after GC invocations=31 (full 5):
 PSYoungGen      total 412160K, used 69380K [0x00000000e0000000, 0x0000000100000000, 0x0000000100000000)
  eden space 309248K, 0% used [0x00000000e0000000,0x00000000e0000000,0x00000000f2e00000)
  from space 102912K, 67% used [0x00000000f9b80000,0x00000000fdf413e8,0x0000000100000000)
  to   space 107520K, 0% used [0x00000000f2e00000,0x00000000f2e00000,0x00000000f9700000)
 ParOldGen       total 374272K, used 224655K [0x00000000a0000000, 0x00000000b6d80000, 0x00000000e0000000)
  object space 374272K, 60% used [0x00000000a0000000,0x00000000adb63f78,0x00000000b6d80000)
 Metaspace       used 104607K, capacity 108556K, committed 108584K, reserved 1144832K
  class space    used 13244K, capacity 14118K, committed 14128K, reserved 1048576K
}

